CRITICAL - 2022-04-13 21:24:02 --> The framework needs the following extension(s) installed and loaded: intl.
#0 C:\xampp\htdocs\codeigniter4-CodeIgniter4-202f41a\system\CodeIgniter.php(219): CodeIgniter\Exceptions\FrameworkException::forMissingExtension('intl')
#1 C:\xampp\htdocs\codeigniter4-CodeIgniter4-202f41a\system\CodeIgniter.php(177): CodeIgniter\CodeIgniter->resolvePlatformExtensions()
#2 C:\xampp\htdocs\codeigniter4-CodeIgniter4-202f41a\system\bootstrap.php(146): CodeIgniter\CodeIgniter->initialize()
#3 C:\xampp\htdocs\codeigniter4-CodeIgniter4-202f41a\public\index.php(28): require('C:\\xampp\\htdocs...')
#4 {main}
CRITICAL - 2022-04-13 21:34:48 --> The framework needs the following extension(s) installed and loaded: intl.
#0 C:\xampp\htdocs\Ci4\system\CodeIgniter.php(219): CodeIgniter\Exceptions\FrameworkException::forMissingExtension('intl')
#1 C:\xampp\htdocs\Ci4\system\CodeIgniter.php(177): CodeIgniter\CodeIgniter->resolvePlatformExtensions()
#2 C:\xampp\htdocs\Ci4\system\bootstrap.php(146): CodeIgniter\CodeIgniter->initialize()
#3 C:\xampp\htdocs\Ci4\public\index.php(28): require('C:\\xampp\\htdocs...')
#4 {main}
CRITICAL - 2022-04-13 20:41:06 --> Undefined variable $title
#0 C:\xampp\htdocs\Ci4\app\Views\templates\header.php(8): CodeIgniter\Debug\Exceptions->errorHandler(2, 'Undefined varia...', 'C:\\xampp\\htdocs...', 8)
#1 C:\xampp\htdocs\Ci4\system\View\View.php(210): include('C:\\xampp\\htdocs...')
#2 C:\xampp\htdocs\Ci4\system\View\View.php(213): CodeIgniter\View\View->CodeIgniter\View\{closure}()
#3 C:\xampp\htdocs\Ci4\system\Common.php(1089): CodeIgniter\View\View->render('templates/heade...', Array, true)
#4 C:\xampp\htdocs\Ci4\app\Controllers\Students.php(17): view('templates/heade...', Array)
#5 C:\xampp\htdocs\Ci4\system\CodeIgniter.php(832): App\Controllers\Students->index()
#6 C:\xampp\htdocs\Ci4\system\CodeIgniter.php(419): CodeIgniter\CodeIgniter->runController(Object(App\Controllers\Students))
#7 C:\xampp\htdocs\Ci4\system\CodeIgniter.php(326): CodeIgniter\CodeIgniter->handleRequest(NULL, Object(Config\Cache), false)
#8 C:\xampp\htdocs\Ci4\public\index.php(37): CodeIgniter\CodeIgniter->run()
#9 C:\xampp\htdocs\Ci4\system\Commands\Server\rewrite.php(43): require_once('C:\\xampp\\htdocs...')
#10 {main}
CRITICAL - 2022-04-13 20:41:12 --> Undefined variable $title
#0 C:\xampp\htdocs\Ci4\app\Views\templates\header.php(8): CodeIgniter\Debug\Exceptions->errorHandler(2, 'Undefined varia...', 'C:\\xampp\\htdocs...', 8)
#1 C:\xampp\htdocs\Ci4\system\View\View.php(210): include('C:\\xampp\\htdocs...')
#2 C:\xampp\htdocs\Ci4\system\View\View.php(213): CodeIgniter\View\View->CodeIgniter\View\{closure}()
#3 C:\xampp\htdocs\Ci4\system\Common.php(1089): CodeIgniter\View\View->render('templates/heade...', Array, true)
#4 C:\xampp\htdocs\Ci4\app\Controllers\Students.php(17): view('templates/heade...', Array)
#5 C:\xampp\htdocs\Ci4\system\CodeIgniter.php(832): App\Controllers\Students->index()
#6 C:\xampp\htdocs\Ci4\system\CodeIgniter.php(419): CodeIgniter\CodeIgniter->runController(Object(App\Controllers\Students))
#7 C:\xampp\htdocs\Ci4\system\CodeIgniter.php(326): CodeIgniter\CodeIgniter->handleRequest(NULL, Object(Config\Cache), false)
#8 C:\xampp\htdocs\Ci4\public\index.php(37): CodeIgniter\CodeIgniter->run()
#9 C:\xampp\htdocs\Ci4\system\Commands\Server\rewrite.php(43): require_once('C:\\xampp\\htdocs...')
#10 {main}
CRITICAL - 2022-04-13 21:22:51 --> Undefined variable $title
#0 C:\xampp\htdocs\Ci4\app\Views\templates\header.php(8): CodeIgniter\Debug\Exceptions->errorHandler(2, 'Undefined varia...', 'C:\\xampp\\htdocs...', 8)
#1 C:\xampp\htdocs\Ci4\system\View\View.php(210): include('C:\\xampp\\htdocs...')
#2 C:\xampp\htdocs\Ci4\system\View\View.php(213): CodeIgniter\View\View->CodeIgniter\View\{closure}()
#3 C:\xampp\htdocs\Ci4\system\Common.php(1089): CodeIgniter\View\View->render('templates/heade...', Array, true)
#4 C:\xampp\htdocs\Ci4\app\Controllers\Students.php(17): view('templates/heade...', Array)
#5 C:\xampp\htdocs\Ci4\system\CodeIgniter.php(832): App\Controllers\Students->index()
#6 C:\xampp\htdocs\Ci4\system\CodeIgniter.php(419): CodeIgniter\CodeIgniter->runController(Object(App\Controllers\Students))
#7 C:\xampp\htdocs\Ci4\system\CodeIgniter.php(326): CodeIgniter\CodeIgniter->handleRequest(NULL, Object(Config\Cache), false)
#8 C:\xampp\htdocs\Ci4\public\index.php(37): CodeIgniter\CodeIgniter->run()
#9 C:\xampp\htdocs\Ci4\system\Commands\Server\rewrite.php(43): require_once('C:\\xampp\\htdocs...')
#10 {main}
CRITICAL - 2022-04-13 21:23:21 --> Undefined variable $title
#0 C:\xampp\htdocs\Ci4\app\Views\templates\header.php(8): CodeIgniter\Debug\Exceptions->errorHandler(2, 'Undefined varia...', 'C:\\xampp\\htdocs...', 8)
#1 C:\xampp\htdocs\Ci4\system\View\View.php(210): include('C:\\xampp\\htdocs...')
#2 C:\xampp\htdocs\Ci4\system\View\View.php(213): CodeIgniter\View\View->CodeIgniter\View\{closure}()
#3 C:\xampp\htdocs\Ci4\system\Common.php(1089): CodeIgniter\View\View->render('templates/heade...', Array, true)
#4 C:\xampp\htdocs\Ci4\app\Controllers\Students.php(17): view('templates/heade...', Array)
#5 C:\xampp\htdocs\Ci4\system\CodeIgniter.php(832): App\Controllers\Students->index()
#6 C:\xampp\htdocs\Ci4\system\CodeIgniter.php(419): CodeIgniter\CodeIgniter->runController(Object(App\Controllers\Students))
#7 C:\xampp\htdocs\Ci4\system\CodeIgniter.php(326): CodeIgniter\CodeIgniter->handleRequest(NULL, Object(Config\Cache), false)
#8 C:\xampp\htdocs\Ci4\public\index.php(37): CodeIgniter\CodeIgniter->run()
#9 C:\xampp\htdocs\Ci4\system\Commands\Server\rewrite.php(43): require_once('C:\\xampp\\htdocs...')
#10 {main}
CRITICAL - 2022-04-13 21:23:43 --> Undefined variable $title
#0 C:\xampp\htdocs\Ci4\app\Views\templates\header.php(8): CodeIgniter\Debug\Exceptions->errorHandler(2, 'Undefined varia...', 'C:\\xampp\\htdocs...', 8)
#1 C:\xampp\htdocs\Ci4\system\View\View.php(210): include('C:\\xampp\\htdocs...')
#2 C:\xampp\htdocs\Ci4\system\View\View.php(213): CodeIgniter\View\View->CodeIgniter\View\{closure}()
#3 C:\xampp\htdocs\Ci4\system\Common.php(1089): CodeIgniter\View\View->render('templates/heade...', Array, true)
#4 C:\xampp\htdocs\Ci4\app\Controllers\Students.php(17): view('templates/heade...', Array)
#5 C:\xampp\htdocs\Ci4\system\CodeIgniter.php(832): App\Controllers\Students->index()
#6 C:\xampp\htdocs\Ci4\system\CodeIgniter.php(419): CodeIgniter\CodeIgniter->runController(Object(App\Controllers\Students))
#7 C:\xampp\htdocs\Ci4\system\CodeIgniter.php(326): CodeIgniter\CodeIgniter->handleRequest(NULL, Object(Config\Cache), false)
#8 C:\xampp\htdocs\Ci4\public\index.php(37): CodeIgniter\CodeIgniter->run()
#9 C:\xampp\htdocs\Ci4\system\Commands\Server\rewrite.php(43): require_once('C:\\xampp\\htdocs...')
#10 {main}
CRITICAL - 2022-04-13 21:23:57 --> Undefined variable $title
#0 C:\xampp\htdocs\Ci4\app\Views\templates\header.php(8): CodeIgniter\Debug\Exceptions->errorHandler(2, 'Undefined varia...', 'C:\\xampp\\htdocs...', 8)
#1 C:\xampp\htdocs\Ci4\system\View\View.php(210): include('C:\\xampp\\htdocs...')
#2 C:\xampp\htdocs\Ci4\system\View\View.php(213): CodeIgniter\View\View->CodeIgniter\View\{closure}()
#3 C:\xampp\htdocs\Ci4\system\Common.php(1089): CodeIgniter\View\View->render('templates/heade...', Array, true)
#4 C:\xampp\htdocs\Ci4\app\Controllers\Students.php(17): view('templates/heade...', Array)
#5 C:\xampp\htdocs\Ci4\system\CodeIgniter.php(832): App\Controllers\Students->index()
#6 C:\xampp\htdocs\Ci4\system\CodeIgniter.php(419): CodeIgniter\CodeIgniter->runController(Object(App\Controllers\Students))
#7 C:\xampp\htdocs\Ci4\system\CodeIgniter.php(326): CodeIgniter\CodeIgniter->handleRequest(NULL, Object(Config\Cache), false)
#8 C:\xampp\htdocs\Ci4\public\index.php(37): CodeIgniter\CodeIgniter->run()
#9 C:\xampp\htdocs\Ci4\system\Commands\Server\rewrite.php(43): require_once('C:\\xampp\\htdocs...')
#10 {main}
CRITICAL - 2022-04-13 21:37:47 --> Undefined variable $title
#0 C:\xampp\htdocs\Ci4\app\Views\templates\header.php(8): CodeIgniter\Debug\Exceptions->errorHandler(2, 'Undefined varia...', 'C:\\xampp\\htdocs...', 8)
#1 C:\xampp\htdocs\Ci4\system\View\View.php(210): include('C:\\xampp\\htdocs...')
#2 C:\xampp\htdocs\Ci4\system\View\View.php(213): CodeIgniter\View\View->CodeIgniter\View\{closure}()
#3 C:\xampp\htdocs\Ci4\system\Common.php(1089): CodeIgniter\View\View->render('templates/heade...', Array, true)
#4 C:\xampp\htdocs\Ci4\app\Controllers\Students.php(17): view('templates/heade...', Array)
#5 C:\xampp\htdocs\Ci4\system\CodeIgniter.php(832): App\Controllers\Students->index()
#6 C:\xampp\htdocs\Ci4\system\CodeIgniter.php(419): CodeIgniter\CodeIgniter->runController(Object(App\Controllers\Students))
#7 C:\xampp\htdocs\Ci4\system\CodeIgniter.php(326): CodeIgniter\CodeIgniter->handleRequest(NULL, Object(Config\Cache), false)
#8 C:\xampp\htdocs\Ci4\public\index.php(37): CodeIgniter\CodeIgniter->run()
#9 C:\xampp\htdocs\Ci4\system\Commands\Server\rewrite.php(43): require_once('C:\\xampp\\htdocs...')
#10 {main}
CRITICAL - 2022-04-13 21:39:26 --> Undefined variable $title
#0 C:\xampp\htdocs\Ci4\app\Views\templates\header.php(8): CodeIgniter\Debug\Exceptions->errorHandler(2, 'Undefined varia...', 'C:\\xampp\\htdocs...', 8)
#1 C:\xampp\htdocs\Ci4\system\View\View.php(210): include('C:\\xampp\\htdocs...')
#2 C:\xampp\htdocs\Ci4\system\View\View.php(213): CodeIgniter\View\View->CodeIgniter\View\{closure}()
#3 C:\xampp\htdocs\Ci4\system\Common.php(1089): CodeIgniter\View\View->render('templates/heade...', Array, true)
#4 C:\xampp\htdocs\Ci4\app\Controllers\Students.php(17): view('templates/heade...', Array)
#5 C:\xampp\htdocs\Ci4\system\CodeIgniter.php(832): App\Controllers\Students->index()
#6 C:\xampp\htdocs\Ci4\system\CodeIgniter.php(419): CodeIgniter\CodeIgniter->runController(Object(App\Controllers\Students))
#7 C:\xampp\htdocs\Ci4\system\CodeIgniter.php(326): CodeIgniter\CodeIgniter->handleRequest(NULL, Object(Config\Cache), false)
#8 C:\xampp\htdocs\Ci4\public\index.php(37): CodeIgniter\CodeIgniter->run()
#9 C:\xampp\htdocs\Ci4\system\Commands\Server\rewrite.php(43): require_once('C:\\xampp\\htdocs...')
#10 {main}
CRITICAL - 2022-04-13 21:42:07 --> Undefined variable $data
#0 C:\xampp\htdocs\Ci4\app\Views\templates\header.php(8): CodeIgniter\Debug\Exceptions->errorHandler(2, 'Undefined varia...', 'C:\\xampp\\htdocs...', 8)
#1 C:\xampp\htdocs\Ci4\system\View\View.php(210): include('C:\\xampp\\htdocs...')
#2 C:\xampp\htdocs\Ci4\system\View\View.php(213): CodeIgniter\View\View->CodeIgniter\View\{closure}()
#3 C:\xampp\htdocs\Ci4\system\Common.php(1089): CodeIgniter\View\View->render('templates/heade...', Array, true)
#4 C:\xampp\htdocs\Ci4\app\Controllers\Students.php(17): view('templates/heade...', Array)
#5 C:\xampp\htdocs\Ci4\system\CodeIgniter.php(832): App\Controllers\Students->index()
#6 C:\xampp\htdocs\Ci4\system\CodeIgniter.php(419): CodeIgniter\CodeIgniter->runController(Object(App\Controllers\Students))
#7 C:\xampp\htdocs\Ci4\system\CodeIgniter.php(326): CodeIgniter\CodeIgniter->handleRequest(NULL, Object(Config\Cache), false)
#8 C:\xampp\htdocs\Ci4\public\index.php(37): CodeIgniter\CodeIgniter->run()
#9 C:\xampp\htdocs\Ci4\system\Commands\Server\rewrite.php(43): require_once('C:\\xampp\\htdocs...')
#10 {main}
CRITICAL - 2022-04-13 21:42:27 --> Undefined variable $news
#0 C:\xampp\htdocs\Ci4\app\Views\students\view.php(1): CodeIgniter\Debug\Exceptions->errorHandler(2, 'Undefined varia...', 'C:\\xampp\\htdocs...', 1)
#1 C:\xampp\htdocs\Ci4\system\View\View.php(210): include('C:\\xampp\\htdocs...')
#2 C:\xampp\htdocs\Ci4\system\View\View.php(213): CodeIgniter\View\View->CodeIgniter\View\{closure}()
#3 C:\xampp\htdocs\Ci4\system\Common.php(1089): CodeIgniter\View\View->render('students/view', Array, true)
#4 C:\xampp\htdocs\Ci4\app\Controllers\Students.php(35): view('students/view', Array)
#5 C:\xampp\htdocs\Ci4\system\CodeIgniter.php(832): App\Controllers\Students->view('wally-senkel')
#6 C:\xampp\htdocs\Ci4\system\CodeIgniter.php(419): CodeIgniter\CodeIgniter->runController(Object(App\Controllers\Students))
#7 C:\xampp\htdocs\Ci4\system\CodeIgniter.php(326): CodeIgniter\CodeIgniter->handleRequest(NULL, Object(Config\Cache), false)
#8 C:\xampp\htdocs\Ci4\public\index.php(37): CodeIgniter\CodeIgniter->run()
#9 C:\xampp\htdocs\Ci4\system\Commands\Server\rewrite.php(43): require_once('C:\\xampp\\htdocs...')
#10 {main}
