CRITICAL - 2022-04-14 10:17:23 --> Undefined variable $row
#0 C:\xampp\htdocs\Ci4\app\Views\students\overview.php(29): CodeIgniter\Debug\Exceptions->errorHandler(2, 'Undefined varia...', 'C:\\xampp\\htdocs...', 29)
#1 C:\xampp\htdocs\Ci4\system\View\View.php(210): include('C:\\xampp\\htdocs...')
#2 C:\xampp\htdocs\Ci4\system\View\View.php(213): CodeIgniter\View\View->CodeIgniter\View\{closure}()
#3 C:\xampp\htdocs\Ci4\system\Common.php(1089): CodeIgniter\View\View->render('students/overvi...', Array, true)
#4 C:\xampp\htdocs\Ci4\app\Controllers\Students.php(18): view('students/overvi...', Array)
#5 C:\xampp\htdocs\Ci4\system\CodeIgniter.php(832): App\Controllers\Students->index()
#6 C:\xampp\htdocs\Ci4\system\CodeIgniter.php(419): CodeIgniter\CodeIgniter->runController(Object(App\Controllers\Students))
#7 C:\xampp\htdocs\Ci4\system\CodeIgniter.php(326): CodeIgniter\CodeIgniter->handleRequest(NULL, Object(Config\Cache), false)
#8 C:\xampp\htdocs\Ci4\public\index.php(37): CodeIgniter\CodeIgniter->run()
#9 C:\xampp\htdocs\Ci4\system\Commands\Server\rewrite.php(43): require_once('C:\\xampp\\htdocs...')
#10 {main}
CRITICAL - 2022-04-14 10:22:36 --> Undefined variable $student_item
#0 C:\xampp\htdocs\Ci4\app\Views\students\overview.php(18): CodeIgniter\Debug\Exceptions->errorHandler(2, 'Undefined varia...', 'C:\\xampp\\htdocs...', 18)
#1 C:\xampp\htdocs\Ci4\system\View\View.php(210): include('C:\\xampp\\htdocs...')
#2 C:\xampp\htdocs\Ci4\system\View\View.php(213): CodeIgniter\View\View->CodeIgniter\View\{closure}()
#3 C:\xampp\htdocs\Ci4\system\Common.php(1089): CodeIgniter\View\View->render('students/overvi...', Array, true)
#4 C:\xampp\htdocs\Ci4\app\Controllers\Students.php(18): view('students/overvi...', Array)
#5 C:\xampp\htdocs\Ci4\system\CodeIgniter.php(832): App\Controllers\Students->index()
#6 C:\xampp\htdocs\Ci4\system\CodeIgniter.php(419): CodeIgniter\CodeIgniter->runController(Object(App\Controllers\Students))
#7 C:\xampp\htdocs\Ci4\system\CodeIgniter.php(326): CodeIgniter\CodeIgniter->handleRequest(NULL, Object(Config\Cache), false)
#8 C:\xampp\htdocs\Ci4\public\index.php(37): CodeIgniter\CodeIgniter->run()
#9 C:\xampp\htdocs\Ci4\system\Commands\Server\rewrite.php(43): require_once('C:\\xampp\\htdocs...')
#10 {main}
CRITICAL - 2022-04-14 11:01:30 --> Undefined property: App\Controllers\Students::$load
#0 C:\xampp\htdocs\Ci4\app\Controllers\Students.php(12): CodeIgniter\Debug\Exceptions->errorHandler(2, 'Undefined prope...', 'C:\\xampp\\htdocs...', 12)
#1 C:\xampp\htdocs\Ci4\system\CodeIgniter.php(832): App\Controllers\Students->index()
#2 C:\xampp\htdocs\Ci4\system\CodeIgniter.php(419): CodeIgniter\CodeIgniter->runController(Object(App\Controllers\Students))
#3 C:\xampp\htdocs\Ci4\system\CodeIgniter.php(326): CodeIgniter\CodeIgniter->handleRequest(NULL, Object(Config\Cache), false)
#4 C:\xampp\htdocs\Ci4\public\index.php(37): CodeIgniter\CodeIgniter->run()
#5 C:\xampp\htdocs\Ci4\system\Commands\Server\rewrite.php(43): require_once('C:\\xampp\\htdocs...')
#6 {main}
CRITICAL - 2022-04-14 11:23:12 --> Undefined property: App\Controllers\Students::$load
#0 C:\xampp\htdocs\Ci4\app\Controllers\Students.php(12): CodeIgniter\Debug\Exceptions->errorHandler(2, 'Undefined prope...', 'C:\\xampp\\htdocs...', 12)
#1 C:\xampp\htdocs\Ci4\system\CodeIgniter.php(832): App\Controllers\Students->index()
#2 C:\xampp\htdocs\Ci4\system\CodeIgniter.php(419): CodeIgniter\CodeIgniter->runController(Object(App\Controllers\Students))
#3 C:\xampp\htdocs\Ci4\system\CodeIgniter.php(326): CodeIgniter\CodeIgniter->handleRequest(NULL, Object(Config\Cache), false)
#4 C:\xampp\htdocs\Ci4\public\index.php(37): CodeIgniter\CodeIgniter->run()
#5 C:\xampp\htdocs\Ci4\system\Commands\Server\rewrite.php(43): require_once('C:\\xampp\\htdocs...')
#6 {main}
CRITICAL - 2022-04-14 11:39:14 --> Undefined array key 1
#0 C:\xampp\htdocs\Ci4\system\Router\Router.php(429): CodeIgniter\Debug\Exceptions->errorHandler(2, 'Undefined array...', 'C:\\xampp\\htdocs...', 429)
#1 C:\xampp\htdocs\Ci4\system\Router\Router.php(154): CodeIgniter\Router\Router->checkRoutes('home')
#2 C:\xampp\htdocs\Ci4\system\CodeIgniter.php(726): CodeIgniter\Router\Router->handle('home')
#3 C:\xampp\htdocs\Ci4\system\CodeIgniter.php(368): CodeIgniter\CodeIgniter->tryToRouteIt(Object(CodeIgniter\Router\RouteCollection))
#4 C:\xampp\htdocs\Ci4\system\CodeIgniter.php(326): CodeIgniter\CodeIgniter->handleRequest(NULL, Object(Config\Cache), false)
#5 C:\xampp\htdocs\Ci4\public\index.php(37): CodeIgniter\CodeIgniter->run()
#6 C:\xampp\htdocs\Ci4\system\Commands\Server\rewrite.php(43): require_once('C:\\xampp\\htdocs...')
#7 {main}
CRITICAL - 2022-04-14 11:39:28 --> Undefined array key 1
#0 C:\xampp\htdocs\Ci4\system\Router\Router.php(429): CodeIgniter\Debug\Exceptions->errorHandler(2, 'Undefined array...', 'C:\\xampp\\htdocs...', 429)
#1 C:\xampp\htdocs\Ci4\system\Router\Router.php(154): CodeIgniter\Router\Router->checkRoutes('home')
#2 C:\xampp\htdocs\Ci4\system\CodeIgniter.php(726): CodeIgniter\Router\Router->handle('home')
#3 C:\xampp\htdocs\Ci4\system\CodeIgniter.php(368): CodeIgniter\CodeIgniter->tryToRouteIt(Object(CodeIgniter\Router\RouteCollection))
#4 C:\xampp\htdocs\Ci4\system\CodeIgniter.php(326): CodeIgniter\CodeIgniter->handleRequest(NULL, Object(Config\Cache), false)
#5 C:\xampp\htdocs\Ci4\public\index.php(37): CodeIgniter\CodeIgniter->run()
#6 C:\xampp\htdocs\Ci4\system\Commands\Server\rewrite.php(43): require_once('C:\\xampp\\htdocs...')
#7 {main}
CRITICAL - 2022-04-14 11:51:03 --> Invalid file: views/home.php
#0 C:\xampp\htdocs\Ci4\system\View\View.php(198): CodeIgniter\Exceptions\FrameworkException::forInvalidFile('views/home.php')
#1 C:\xampp\htdocs\Ci4\system\Common.php(1089): CodeIgniter\View\View->render('views/home', Array, true)
#2 C:\xampp\htdocs\Ci4\app\Controllers\Home.php(9): view('views/home')
#3 C:\xampp\htdocs\Ci4\system\CodeIgniter.php(832): App\Controllers\Home->index()
#4 C:\xampp\htdocs\Ci4\system\CodeIgniter.php(419): CodeIgniter\CodeIgniter->runController(Object(App\Controllers\Home))
#5 C:\xampp\htdocs\Ci4\system\CodeIgniter.php(326): CodeIgniter\CodeIgniter->handleRequest(NULL, Object(Config\Cache), false)
#6 C:\xampp\htdocs\Ci4\public\index.php(37): CodeIgniter\CodeIgniter->run()
#7 C:\xampp\htdocs\Ci4\system\Commands\Server\rewrite.php(43): require_once('C:\\xampp\\htdocs...')
#8 {main}
